2024-11-26 08:47:32,815 [Worker-4: Loading available Gradle versions] INFO  o.e.b.c.i.u.g.PublishedGradleVersions - Gradle version information cache is up-to-date. Trying to read.
2024-11-26 08:57:43,384 [Worker-14: Creating project "bankInfo"] INFO  o.e.m.c.i.l.LifecycleMappingFactory - Using org.eclipse.m2e.jdt.JarLifecycleMapping lifecycle mapping for MavenProject: BankingProject:bankInfo:0.0.1-SNAPSHOT @ E:\MavenProject_Raman\bankInfo\pom.xml.
2024-11-26 08:57:43,803 [Worker-14: Creating project "bankInfo"] INFO  o.e.m.j.i.AbstractJavaProjectConfigurator - Adding source folder /bankInfo/src/main/java
2024-11-26 08:57:43,804 [Worker-14: Creating project "bankInfo"] INFO  o.e.m.j.i.AbstractJavaProjectConfigurator - Adding resource folder /bankInfo/src/main/resources
2024-11-26 08:57:43,805 [Worker-14: Creating project "bankInfo"] INFO  o.e.m.j.i.AbstractJavaProjectConfigurator - Adding source folder /bankInfo/src/test/java
2024-11-26 08:57:43,806 [Worker-14: Creating project "bankInfo"] INFO  o.e.m.j.i.AbstractJavaProjectConfigurator - Adding resource folder /bankInfo/src/test/resources
2024-11-26 08:57:45,598 [Worker-23: Building] WARN  o.e.m.c.i.embedder.EclipseLogger - Using platform encoding (Cp1252 actually) to copy filtered resources, i.e. build is platform dependent!
2024-11-26 08:57:45,701 [Worker-23: Building] INFO  o.e.m.c.i.embedder.EclipseLogger - Copying 0 resource
2024-11-26 08:57:45,707 [Worker-23: Building] WARN  o.e.m.c.i.embedder.EclipseLogger - Using platform encoding (Cp1252 actually) to copy filtered resources, i.e. build is platform dependent!
2024-11-26 08:57:45,708 [Worker-23: Building] INFO  o.e.m.c.i.embedder.EclipseLogger - Copying 0 resource
2024-11-26 08:58:17,453 [Worker-14: Building] WARN  o.e.m.c.i.embedder.EclipseLogger - Using platform encoding (Cp1252 actually) to copy filtered resources, i.e. build is platform dependent!
2024-11-26 08:58:17,458 [Worker-14: Building] INFO  o.e.m.c.i.embedder.EclipseLogger - Copying 0 resource
2024-11-26 08:58:17,466 [Worker-14: Building] WARN  o.e.m.c.i.embedder.EclipseLogger - Using platform encoding (Cp1252 actually) to copy filtered resources, i.e. build is platform dependent!
2024-11-26 08:58:17,468 [Worker-14: Building] INFO  o.e.m.c.i.embedder.EclipseLogger - Copying 0 resource
2024-11-26 08:59:14,137 [Worker-21: Building] INFO  o.e.m.c.i.l.LifecycleMappingFactory - Using org.eclipse.m2e.jdt.JarLifecycleMapping lifecycle mapping for MavenProject: BankingProject:bankInfo:0.0.1-SNAPSHOT @ E:\MavenProject_Raman\bankInfo\pom.xml.
2024-11-26 08:59:15,383 [Worker-21: Building] INFO  o.a.m.s.f.DefaultMavenResourcesFiltering - Copying 0 resource from src\main\resources to target\classes
2024-11-26 08:59:15,386 [Worker-21: Building] INFO  o.a.m.s.f.DefaultMavenResourcesFiltering - Copying 0 resource from src\test\resources to target\test-classes
2024-11-26 08:59:16,137 [Worker-21: Updating Maven Project] INFO  o.e.m.c.i.p.ProjectConfigurationManager - Update started
2024-11-26 08:59:16,339 [Worker-21: Updating Maven Project] INFO  o.e.m.c.i.l.LifecycleMappingFactory - Using org.eclipse.m2e.jdt.JarLifecycleMapping lifecycle mapping for MavenProject: BankingProject:bankInfo:0.0.1-SNAPSHOT @ E:\MavenProject_Raman\bankInfo\pom.xml.
2024-11-26 08:59:17,155 [Worker-21: Updating Maven Project] INFO  o.e.m.j.i.AbstractJavaProjectConfigurator - Adding source folder /bankInfo/src/main/java
2024-11-26 08:59:17,155 [Worker-21: Updating Maven Project] INFO  o.e.m.j.i.AbstractJavaProjectConfigurator - Adding resource folder /bankInfo/src/main/resources
2024-11-26 08:59:17,160 [Worker-21: Updating Maven Project] INFO  o.e.m.j.i.AbstractJavaProjectConfigurator - Adding source folder /bankInfo/src/test/java
2024-11-26 08:59:17,161 [Worker-21: Updating Maven Project] INFO  o.e.m.j.i.AbstractJavaProjectConfigurator - Adding resource folder /bankInfo/src/test/resources
2024-11-26 08:59:17,779 [Worker-21: Updating Maven Project] INFO  o.e.m.c.i.p.ProjectConfigurationManager - Update completed for 1 poms: local refresh takes 0.00 sec, refresh facades takes 0.00 sec, update config takes 0.00 sec 
2024-11-26 08:59:17,931 [Worker-23: Building] INFO  o.a.m.s.f.DefaultMavenResourcesFiltering - Copying 0 resource from src\main\resources to target\classes
2024-11-26 08:59:17,941 [Worker-23: Building] INFO  o.a.m.s.f.DefaultMavenResourcesFiltering - Copying 0 resource from src\test\resources to target\test-classes
2024-11-26 08:59:39,460 [Worker-23: Building] INFO  o.e.m.c.i.l.LifecycleMappingFactory - Using org.eclipse.m2e.jdt.JarLifecycleMapping lifecycle mapping for MavenProject: BankingProject:bankInfo:0.0.1-SNAPSHOT @ E:\MavenProject_Raman\bankInfo\pom.xml.
2024-11-26 08:59:40,141 [Worker-23: Building] INFO  o.a.m.s.f.DefaultMavenResourcesFiltering - Copying 0 resource from src\main\resources to target\classes
2024-11-26 08:59:40,148 [Worker-23: Building] INFO  o.a.m.s.f.DefaultMavenResourcesFiltering - Copying 0 resource from src\test\resources to target\test-classes
2024-11-26 08:59:58,601 [Worker-26: Launching Executing install in E__MavenProject_Raman_bankInfo] INFO  o.eclipse.m2e.core.internal.Bundles - getClasspathEntries(Bundle=org.eclipse.m2e.maven.runtime_3.8.604.20221130-2149 [269])
2024-11-26 08:59:58,605 [Worker-26: Launching Executing install in E__MavenProject_Raman_bankInfo] INFO  o.eclipse.m2e.core.internal.Bundles - 	Entry: C:\Users\nagar\.p2\pool\plugins\org.eclipse.m2e.maven.runtime_3.8.604.20221130-2149
2024-11-26 08:59:58,605 [Worker-26: Launching Executing install in E__MavenProject_Raman_bankInfo] INFO  o.eclipse.m2e.core.internal.Bundles - 	Entry: C:\Users\nagar\.p2\pool\plugins\org.eclipse.m2e.maven.runtime_3.8.604.20221130-2149\jars\aether-connector-okhttp-0.17.8.jar
2024-11-26 08:59:58,606 [Worker-26: Launching Executing install in E__MavenProject_Raman_bankInfo] INFO  o.eclipse.m2e.core.internal.Bundles - 	Entry: C:\Users\nagar\.p2\pool\plugins\org.eclipse.m2e.maven.runtime_3.8.604.20221130-2149\jars\commons-cli-1.4.jar
2024-11-26 08:59:58,606 [Worker-26: Launching Executing install in E__MavenProject_Raman_bankInfo] INFO  o.eclipse.m2e.core.internal.Bundles - 	Entry: C:\Users\nagar\.p2\pool\plugins\org.eclipse.m2e.maven.runtime_3.8.604.20221130-2149\jars\commons-io-2.6.jar
2024-11-26 08:59:58,606 [Worker-26: Launching Executing install in E__MavenProject_Raman_bankInfo] INFO  o.eclipse.m2e.core.internal.Bundles - 	Entry: C:\Users\nagar\.p2\pool\plugins\org.eclipse.m2e.maven.runtime_3.8.604.20221130-2149\jars\commons-lang3-3.8.1.jar
2024-11-26 08:59:58,606 [Worker-26: Launching Executing install in E__MavenProject_Raman_bankInfo] INFO  o.eclipse.m2e.core.internal.Bundles - 	Entry: C:\Users\nagar\.p2\pool\plugins\org.eclipse.m2e.maven.runtime_3.8.604.20221130-2149\jars\guice-4.2.2-no_aop.jar
2024-11-26 08:59:58,607 [Worker-26: Launching Executing install in E__MavenProject_Raman_bankInfo] INFO  o.eclipse.m2e.core.internal.Bundles - 	Entry: C:\Users\nagar\.p2\pool\plugins\org.eclipse.m2e.maven.runtime_3.8.604.20221130-2149\jars\jansi-2.4.0.jar
2024-11-26 08:59:58,607 [Worker-26: Launching Executing install in E__MavenProject_Raman_bankInfo] INFO  o.eclipse.m2e.core.internal.Bundles - 	Entry: C:\Users\nagar\.p2\pool\plugins\org.eclipse.m2e.maven.runtime_3.8.604.20221130-2149\jars\maven-artifact-3.8.6.jar
2024-11-26 08:59:58,607 [Worker-26: Launching Executing install in E__MavenProject_Raman_bankInfo] INFO  o.eclipse.m2e.core.internal.Bundles - 	Entry: C:\Users\nagar\.p2\pool\plugins\org.eclipse.m2e.maven.runtime_3.8.604.20221130-2149\jars\maven-builder-support-3.8.6.jar
2024-11-26 08:59:58,607 [Worker-26: Launching Executing install in E__MavenProject_Raman_bankInfo] INFO  o.eclipse.m2e.core.internal.Bundles - 	Entry: C:\Users\nagar\.p2\pool\plugins\org.eclipse.m2e.maven.runtime_3.8.604.20221130-2149\jars\maven-compat-3.8.6.jar
2024-11-26 08:59:58,607 [Worker-26: Launching Executing install in E__MavenProject_Raman_bankInfo] INFO  o.eclipse.m2e.core.internal.Bundles - 	Entry: C:\Users\nagar\.p2\pool\plugins\org.eclipse.m2e.maven.runtime_3.8.604.20221130-2149\jars\maven-core-3.8.6.jar
2024-11-26 08:59:58,607 [Worker-26: Launching Executing install in E__MavenProject_Raman_bankInfo] INFO  o.eclipse.m2e.core.internal.Bundles - 	Entry: C:\Users\nagar\.p2\pool\plugins\org.eclipse.m2e.maven.runtime_3.8.604.20221130-2149\jars\maven-embedder-3.8.6.jar
2024-11-26 08:59:58,608 [Worker-26: Launching Executing install in E__MavenProject_Raman_bankInfo] INFO  o.eclipse.m2e.core.internal.Bundles - 	Entry: C:\Users\nagar\.p2\pool\plugins\org.eclipse.m2e.maven.runtime_3.8.604.20221130-2149\jars\maven-model-3.8.6.jar
2024-11-26 08:59:58,608 [Worker-26: Launching Executing install in E__MavenProject_Raman_bankInfo] INFO  o.eclipse.m2e.core.internal.Bundles - 	Entry: C:\Users\nagar\.p2\pool\plugins\org.eclipse.m2e.maven.runtime_3.8.604.20221130-2149\jars\maven-model-builder-3.8.6.jar
2024-11-26 08:59:58,608 [Worker-26: Launching Executing install in E__MavenProject_Raman_bankInfo] INFO  o.eclipse.m2e.core.internal.Bundles - 	Entry: C:\Users\nagar\.p2\pool\plugins\org.eclipse.m2e.maven.runtime_3.8.604.20221130-2149\jars\maven-plugin-api-3.8.6.jar
2024-11-26 08:59:58,608 [Worker-26: Launching Executing install in E__MavenProject_Raman_bankInfo] INFO  o.eclipse.m2e.core.internal.Bundles - 	Entry: C:\Users\nagar\.p2\pool\plugins\org.eclipse.m2e.maven.runtime_3.8.604.20221130-2149\jars\maven-repository-metadata-3.8.6.jar
2024-11-26 08:59:58,608 [Worker-26: Launching Executing install in E__MavenProject_Raman_bankInfo] INFO  o.eclipse.m2e.core.internal.Bundles - 	Entry: C:\Users\nagar\.p2\pool\plugins\org.eclipse.m2e.maven.runtime_3.8.604.20221130-2149\jars\maven-resolver-api-1.6.3.jar
2024-11-26 08:59:58,609 [Worker-26: Launching Executing install in E__MavenProject_Raman_bankInfo] INFO  o.eclipse.m2e.core.internal.Bundles - 	Entry: C:\Users\nagar\.p2\pool\plugins\org.eclipse.m2e.maven.runtime_3.8.604.20221130-2149\jars\maven-resolver-connector-basic-1.6.3.jar
2024-11-26 08:59:58,609 [Worker-26: Launching Executing install in E__MavenProject_Raman_bankInfo] INFO  o.eclipse.m2e.core.internal.Bundles - 	Entry: C:\Users\nagar\.p2\pool\plugins\org.eclipse.m2e.maven.runtime_3.8.604.20221130-2149\jars\maven-resolver-impl-1.6.3.jar
2024-11-26 08:59:58,609 [Worker-26: Launching Executing install in E__MavenProject_Raman_bankInfo] INFO  o.eclipse.m2e.core.internal.Bundles - 	Entry: C:\Users\nagar\.p2\pool\plugins\org.eclipse.m2e.maven.runtime_3.8.604.20221130-2149\jars\maven-resolver-provider-3.8.6.jar
2024-11-26 08:59:58,609 [Worker-26: Launching Executing install in E__MavenProject_Raman_bankInfo] INFO  o.eclipse.m2e.core.internal.Bundles - 	Entry: C:\Users\nagar\.p2\pool\plugins\org.eclipse.m2e.maven.runtime_3.8.604.20221130-2149\jars\maven-resolver-spi-1.6.3.jar
2024-11-26 08:59:58,609 [Worker-26: Launching Executing install in E__MavenProject_Raman_bankInfo] INFO  o.eclipse.m2e.core.internal.Bundles - 	Entry: C:\Users\nagar\.p2\pool\plugins\org.eclipse.m2e.maven.runtime_3.8.604.20221130-2149\jars\maven-resolver-transport-wagon-1.6.3.jar
2024-11-26 08:59:58,610 [Worker-26: Launching Executing install in E__MavenProject_Raman_bankInfo] INFO  o.eclipse.m2e.core.internal.Bundles - 	Entry: C:\Users\nagar\.p2\pool\plugins\org.eclipse.m2e.maven.runtime_3.8.604.20221130-2149\jars\maven-resolver-util-1.6.3.jar
2024-11-26 08:59:58,610 [Worker-26: Launching Executing install in E__MavenProject_Raman_bankInfo] INFO  o.eclipse.m2e.core.internal.Bundles - 	Entry: C:\Users\nagar\.p2\pool\plugins\org.eclipse.m2e.maven.runtime_3.8.604.20221130-2149\jars\maven-settings-3.8.6.jar
2024-11-26 08:59:58,610 [Worker-26: Launching Executing install in E__MavenProject_Raman_bankInfo] INFO  o.eclipse.m2e.core.internal.Bundles - 	Entry: C:\Users\nagar\.p2\pool\plugins\org.eclipse.m2e.maven.runtime_3.8.604.20221130-2149\jars\maven-settings-builder-3.8.6.jar
2024-11-26 08:59:58,610 [Worker-26: Launching Executing install in E__MavenProject_Raman_bankInfo] INFO  o.eclipse.m2e.core.internal.Bundles - 	Entry: C:\Users\nagar\.p2\pool\plugins\org.eclipse.m2e.maven.runtime_3.8.604.20221130-2149\jars\maven-shared-utils-3.3.4.jar
2024-11-26 08:59:58,610 [Worker-26: Launching Executing install in E__MavenProject_Raman_bankInfo] INFO  o.eclipse.m2e.core.internal.Bundles - 	Entry: C:\Users\nagar\.p2\pool\plugins\org.eclipse.m2e.maven.runtime_3.8.604.20221130-2149\jars\okhttp-3.14.1.jar
2024-11-26 08:59:58,610 [Worker-26: Launching Executing install in E__MavenProject_Raman_bankInfo] INFO  o.eclipse.m2e.core.internal.Bundles - 	Entry: C:\Users\nagar\.p2\pool\plugins\org.eclipse.m2e.maven.runtime_3.8.604.20221130-2149\jars\okio-1.17.3.jar
2024-11-26 08:59:58,610 [Worker-26: Launching Executing install in E__MavenProject_Raman_bankInfo] INFO  o.eclipse.m2e.core.internal.Bundles - 	Entry: C:\Users\nagar\.p2\pool\plugins\org.eclipse.m2e.maven.runtime_3.8.604.20221130-2149\jars\org.eclipse.sisu.inject-0.3.5.jar
2024-11-26 08:59:58,611 [Worker-26: Launching Executing install in E__MavenProject_Raman_bankInfo] INFO  o.eclipse.m2e.core.internal.Bundles - 	Entry: C:\Users\nagar\.p2\pool\plugins\org.eclipse.m2e.maven.runtime_3.8.604.20221130-2149\jars\org.eclipse.sisu.plexus-0.3.5.jar
2024-11-26 08:59:58,611 [Worker-26: Launching Executing install in E__MavenProject_Raman_bankInfo] INFO  o.eclipse.m2e.core.internal.Bundles - 	Entry: C:\Users\nagar\.p2\pool\plugins\org.eclipse.m2e.maven.runtime_3.8.604.20221130-2149\jars\plexus-build-api-0.0.7.jar
2024-11-26 08:59:58,611 [Worker-26: Launching Executing install in E__MavenProject_Raman_bankInfo] INFO  o.eclipse.m2e.core.internal.Bundles - 	Entry: C:\Users\nagar\.p2\pool\plugins\org.eclipse.m2e.maven.runtime_3.8.604.20221130-2149\jars\plexus-cipher-2.0.jar
2024-11-26 08:59:58,611 [Worker-26: Launching Executing install in E__MavenProject_Raman_bankInfo] INFO  o.eclipse.m2e.core.internal.Bundles - 	Entry: C:\Users\nagar\.p2\pool\plugins\org.eclipse.m2e.maven.runtime_3.8.604.20221130-2149\jars\plexus-classworlds-2.6.0.jar
2024-11-26 08:59:58,611 [Worker-26: Launching Executing install in E__MavenProject_Raman_bankInfo] INFO  o.eclipse.m2e.core.internal.Bundles - 	Entry: C:\Users\nagar\.p2\pool\plugins\org.eclipse.m2e.maven.runtime_3.8.604.20221130-2149\jars\plexus-component-annotations-2.1.0.jar
2024-11-26 08:59:58,612 [Worker-26: Launching Executing install in E__MavenProject_Raman_bankInfo] INFO  o.eclipse.m2e.core.internal.Bundles - 	Entry: C:\Users\nagar\.p2\pool\plugins\org.eclipse.m2e.maven.runtime_3.8.604.20221130-2149\jars\plexus-interpolation-1.26.jar
2024-11-26 08:59:58,612 [Worker-26: Launching Executing install in E__MavenProject_Raman_bankInfo] INFO  o.eclipse.m2e.core.internal.Bundles - 	Entry: C:\Users\nagar\.p2\pool\plugins\org.eclipse.m2e.maven.runtime_3.8.604.20221130-2149\jars\plexus-sec-dispatcher-2.0.jar
2024-11-26 08:59:58,612 [Worker-26: Launching Executing install in E__MavenProject_Raman_bankInfo] INFO  o.eclipse.m2e.core.internal.Bundles - 	Entry: C:\Users\nagar\.p2\pool\plugins\org.eclipse.m2e.maven.runtime_3.8.604.20221130-2149\jars\plexus-utils-3.3.1.jar
2024-11-26 08:59:58,612 [Worker-26: Launching Executing install in E__MavenProject_Raman_bankInfo] INFO  o.eclipse.m2e.core.internal.Bundles - 	Entry: C:\Users\nagar\.p2\pool\plugins\org.eclipse.m2e.maven.runtime_3.8.604.20221130-2149\jars\wagon-file-3.5.1.jar
2024-11-26 08:59:58,612 [Worker-26: Launching Executing install in E__MavenProject_Raman_bankInfo] INFO  o.eclipse.m2e.core.internal.Bundles - 	Entry: C:\Users\nagar\.p2\pool\plugins\org.eclipse.m2e.maven.runtime_3.8.604.20221130-2149\jars\wagon-provider-api-3.5.1.jar
2024-11-26 08:59:58,615 [Worker-26: Launching Executing install in E__MavenProject_Raman_bankInfo] INFO  o.eclipse.m2e.core.internal.Bundles - getClasspathEntries(Bundle=com.google.guava_30.1.0.v20221112-0806 [8])
2024-11-26 08:59:58,616 [Worker-26: Launching Executing install in E__MavenProject_Raman_bankInfo] INFO  o.eclipse.m2e.core.internal.Bundles - 	Entry: C:\Users\nagar\.p2\pool\plugins\com.google.guava_30.1.0.v20221112-0806.jar
2024-11-26 08:59:58,616 [Worker-26: Launching Executing install in E__MavenProject_Raman_bankInfo] INFO  o.eclipse.m2e.core.internal.Bundles - getClasspathEntries(Bundle=slf4j.api_1.7.36 [433])
2024-11-26 08:59:58,617 [Worker-26: Launching Executing install in E__MavenProject_Raman_bankInfo] INFO  o.eclipse.m2e.core.internal.Bundles - 	Entry: C:\Users\nagar\.p2\pool\plugins\slf4j.api_1.7.36.jar
2024-11-26 08:59:58,617 [Worker-26: Launching Executing install in E__MavenProject_Raman_bankInfo] INFO  o.eclipse.m2e.core.internal.Bundles - getClasspathEntries(Bundle=javax.inject_1.0.0.v20220405-0441 [18])
2024-11-26 08:59:58,618 [Worker-26: Launching Executing install in E__MavenProject_Raman_bankInfo] INFO  o.eclipse.m2e.core.internal.Bundles - 	Entry: C:\Users\nagar\.p2\pool\plugins\javax.inject_1.0.0.v20220405-0441.jar
2024-11-26 08:59:58,618 [Worker-26: Launching Executing install in E__MavenProject_Raman_bankInfo] INFO  o.eclipse.m2e.core.internal.Bundles - getClasspathEntries(Bundle=javax.annotation_1.3.5.v20221112-0806 [16])
2024-11-26 08:59:58,620 [Worker-26: Launching Executing install in E__MavenProject_Raman_bankInfo] INFO  o.eclipse.m2e.core.internal.Bundles - 	Entry: C:\Users\nagar\.p2\pool\plugins\javax.annotation_1.3.5.v20221112-0806.jar
2024-11-26 08:59:58,716 [Worker-26: Launching Executing install in E__MavenProject_Raman_bankInfo] INFO  o.e.m.i.launch.MavenLaunchDelegate - Run build in "E:\MavenProject_Raman\bankInfo":
2024-11-26 08:59:58,720 [Worker-26: Launching Executing install in E__MavenProject_Raman_bankInfo] INFO  o.e.m.i.launch.MavenLaunchDelegate -  mvn  -B -Dstyle.color=always install
2024-11-26 09:01:14,137 [Worker-22: Building] INFO  o.e.m.c.i.l.LifecycleMappingFactory - Using org.eclipse.m2e.jdt.JarLifecycleMapping lifecycle mapping for MavenProject: BankingProject:bankInfo:0.0.1-SNAPSHOT @ E:\MavenProject_Raman\bankInfo\pom.xml.
2024-11-26 09:01:15,049 [Worker-22: Building] INFO  o.a.m.s.f.DefaultMavenResourcesFiltering - Copying 0 resource from src\main\resources to target\classes
2024-11-26 09:01:15,054 [Worker-22: Building] INFO  o.a.m.s.f.DefaultMavenResourcesFiltering - Copying 0 resource from src\test\resources to target\test-classes
2024-11-26 09:01:16,617 [Worker-25: Building] INFO  o.a.m.s.f.DefaultMavenResourcesFiltering - Copying 0 resource from src\main\resources to target\classes
2024-11-26 09:01:16,620 [Worker-25: Building] INFO  o.a.m.s.f.DefaultMavenResourcesFiltering - Copying 0 resource from src\test\resources to target\test-classes
2024-11-26 09:01:57,031 [Worker-24: Building] INFO  o.e.m.c.i.l.LifecycleMappingFactory - Using org.eclipse.m2e.jdt.JarLifecycleMapping lifecycle mapping for MavenProject: BankingProject:bankInfo:0.0.1-SNAPSHOT @ E:\MavenProject_Raman\bankInfo\pom.xml.
2024-11-26 09:01:57,826 [Worker-24: Building] INFO  o.a.m.s.f.DefaultMavenResourcesFiltering - Copying 0 resource from src\main\resources to target\classes
2024-11-26 09:01:57,830 [Worker-24: Building] INFO  o.a.m.s.f.DefaultMavenResourcesFiltering - Copying 0 resource from src\test\resources to target\test-classes
2024-11-26 09:02:32,654 [Worker-23: Building] INFO  o.a.m.s.f.DefaultMavenResourcesFiltering - Copying 0 resource from src\main\resources to target\classes
2024-11-26 09:02:32,661 [Worker-23: Building] INFO  o.a.m.s.f.DefaultMavenResourcesFiltering - Copying 0 resource from src\test\resources to target\test-classes
2024-11-26 09:02:52,664 [Worker-22: Building] INFO  o.a.m.s.f.DefaultMavenResourcesFiltering - Copying 0 resource from src\main\resources to target\classes
2024-11-26 09:02:52,668 [Worker-22: Building] INFO  o.a.m.s.f.DefaultMavenResourcesFiltering - Copying 0 resource from src\test\resources to target\test-classes
2024-11-26 09:02:53,687 [Worker-26: Building] INFO  o.a.m.s.f.DefaultMavenResourcesFiltering - Copying 0 resource from src\main\resources to target\classes
2024-11-26 09:02:53,690 [Worker-26: Building] INFO  o.a.m.s.f.DefaultMavenResourcesFiltering - Copying 0 resource from src\test\resources to target\test-classes
2024-11-26 09:03:25,637 [Worker-26: Building] INFO  o.a.m.s.f.DefaultMavenResourcesFiltering - Copying 0 resource from src\main\resources to target\classes
2024-11-26 09:03:25,639 [Worker-26: Building] INFO  o.a.m.s.f.DefaultMavenResourcesFiltering - Copying 0 resource from src\test\resources to target\test-classes
2024-11-26 09:04:59,680 [Worker-26: Building] INFO  o.e.m.c.i.l.LifecycleMappingFactory - Using org.eclipse.m2e.jdt.JarLifecycleMapping lifecycle mapping for MavenProject: BankingProject:bankInfo:0.0.1-SNAPSHOT @ E:\MavenProject_Raman\bankInfo\pom.xml.
2024-11-26 09:05:00,226 [Worker-26: Building] INFO  o.a.m.s.f.DefaultMavenResourcesFiltering - Copying 0 resource from src\main\resources to target\classes
2024-11-26 09:05:00,230 [Worker-26: Building] INFO  o.a.m.s.f.DefaultMavenResourcesFiltering - Copying 0 resource from src\test\resources to target\test-classes
2024-11-26 09:05:01,458 [Worker-21: Building] INFO  o.a.m.s.f.DefaultMavenResourcesFiltering - Copying 0 resource from src\main\resources to target\classes
2024-11-26 09:05:01,460 [Worker-21: Building] INFO  o.a.m.s.f.DefaultMavenResourcesFiltering - Copying 0 resource from src\test\resources to target\test-classes
2024-11-26 09:05:14,269 [Worker-21: Building] INFO  o.a.m.s.f.DefaultMavenResourcesFiltering - Copying 0 resource from src\main\resources to target\classes
2024-11-26 09:05:14,272 [Worker-21: Building] INFO  o.a.m.s.f.DefaultMavenResourcesFiltering - Copying 0 resource from src\test\resources to target\test-classes
2024-11-26 09:06:09,916 [Worker-21: Building] INFO  o.a.m.s.f.DefaultMavenResourcesFiltering - Copying 0 resource from src\main\resources to target\classes
2024-11-26 09:06:09,918 [Worker-21: Building] INFO  o.a.m.s.f.DefaultMavenResourcesFiltering - Copying 0 resource from src\test\resources to target\test-classes
2024-11-26 09:09:38,362 [Worker-2: Loading available Gradle versions] INFO  o.e.b.c.i.u.g.PublishedGradleVersions - Gradle version information cache is out-of-date. Trying to update.
2024-11-26 09:12:30,224 [Worker-21: Building] INFO  o.a.m.s.f.DefaultMavenResourcesFiltering - Copying 0 resource from src\main\resources to target\classes
2024-11-26 09:12:30,229 [Worker-21: Building] INFO  o.a.m.s.f.DefaultMavenResourcesFiltering - Copying 0 resource from src\test\resources to target\test-classes
2024-11-26 09:12:46,687 [Worker-7: Building] INFO  o.a.m.s.f.DefaultMavenResourcesFiltering - Copying 0 resource from src\main\resources to target\classes
2024-11-26 09:12:46,694 [Worker-7: Building] INFO  o.a.m.s.f.DefaultMavenResourcesFiltering - Copying 1 resource from src\test\resources to target\test-classes
2024-11-26 09:12:57,975 [Worker-18: Building] INFO  o.a.m.s.f.DefaultMavenResourcesFiltering - Copying 0 resource from src\main\resources to target\classes
2024-11-26 09:12:57,984 [Worker-18: Building] INFO  o.a.m.s.f.DefaultMavenResourcesFiltering - Copying 0 resource from src\test\resources to target\test-classes
2024-12-05 07:36:34,947 [Worker-2: Loading available Gradle versions] INFO  o.e.b.c.i.u.g.PublishedGradleVersions - Gradle version information cache is up-to-date. Trying to read.
2024-12-05 07:36:39,849 [Worker-4: Updating Maven Dependencies] INFO  o.e.m.c.i.l.LifecycleMappingFactory - Using org.eclipse.m2e.jdt.JarLifecycleMapping lifecycle mapping for MavenProject: BankingProject:bankInfo:0.0.1-SNAPSHOT @ E:\MavenProject_Raman\bankInfo\pom.xml.
2024-12-05 07:36:40,906 [Worker-4: Updating Maven Dependencies] INFO  o.e.m.c.i.e.AbstractTransferListenerAdapter - Downloading https://repo.maven.apache.org/maven2/io/cucumber/messages/maven-metadata.xml
2024-12-05 07:36:41,388 [Worker-4: Updating Maven Dependencies] INFO  o.e.m.c.i.e.AbstractTransferListenerAdapter - Downloaded https://repo.maven.apache.org/maven2/io/cucumber/messages/maven-metadata.xml
2024-12-05 07:36:43,599 [Worker-4: Updating Maven Project] INFO  o.e.m.c.i.p.ProjectConfigurationManager - Update started
2024-12-05 07:36:44,535 [Worker-4: Updating Maven Project] INFO  o.e.m.c.i.l.LifecycleMappingFactory - Using org.eclipse.m2e.jdt.JarLifecycleMapping lifecycle mapping for MavenProject: BankingProject:bankInfo:0.0.1-SNAPSHOT @ E:\MavenProject_Raman\bankInfo\pom.xml.
2024-12-05 07:36:46,622 [Worker-4: Updating Maven Project] INFO  o.e.m.j.i.AbstractJavaProjectConfigurator - Adding source folder /bankInfo/src/main/java
2024-12-05 07:36:46,627 [Worker-4: Updating Maven Project] INFO  o.e.m.j.i.AbstractJavaProjectConfigurator - Adding resource folder /bankInfo/src/main/resources
2024-12-05 07:36:46,629 [Worker-4: Updating Maven Project] INFO  o.e.m.j.i.AbstractJavaProjectConfigurator - Adding source folder /bankInfo/src/test/java
2024-12-05 07:36:46,630 [Worker-4: Updating Maven Project] INFO  o.e.m.j.i.AbstractJavaProjectConfigurator - Adding resource folder /bankInfo/src/test/resources
2024-12-05 07:36:47,778 [Worker-4: Updating Maven Project] INFO  o.e.m.c.i.p.ProjectConfigurationManager - Update completed for 1 poms: local refresh takes 0.00 sec, refresh facades takes 2.00 sec, update config takes 0.00 sec 
2024-12-05 07:36:47,789 [Worker-0: Updating Maven Project] INFO  o.e.m.c.i.p.ProjectConfigurationManager - Update started
2024-12-05 07:36:48,234 [Worker-0: Updating Maven Project] INFO  o.e.m.c.i.l.LifecycleMappingFactory - Using org.eclipse.m2e.jdt.JarLifecycleMapping lifecycle mapping for MavenProject: BankingProject:bankInfo:0.0.1-SNAPSHOT @ E:\MavenProject_Raman\bankInfo\pom.xml.
2024-12-05 07:36:50,480 [Worker-0: Updating Maven Project] INFO  o.e.m.j.i.AbstractJavaProjectConfigurator - Adding source folder /bankInfo/src/main/java
2024-12-05 07:36:50,481 [Worker-0: Updating Maven Project] INFO  o.e.m.j.i.AbstractJavaProjectConfigurator - Adding resource folder /bankInfo/src/main/resources
2024-12-05 07:36:50,481 [Worker-0: Updating Maven Project] INFO  o.e.m.j.i.AbstractJavaProjectConfigurator - Adding source folder /bankInfo/src/test/java
2024-12-05 07:36:50,483 [Worker-0: Updating Maven Project] INFO  o.e.m.j.i.AbstractJavaProjectConfigurator - Adding resource folder /bankInfo/src/test/resources
2024-12-05 07:36:51,098 [Worker-0: Updating Maven Project] INFO  o.e.m.c.i.p.ProjectConfigurationManager - Update completed for 1 poms: local refresh takes 0.00 sec, refresh facades takes 2.00 sec, update config takes 0.00 sec 
2024-12-05 07:36:51,104 [Worker-25: Updating Maven Project] INFO  o.e.m.c.i.p.ProjectConfigurationManager - Update started
2024-12-05 07:36:51,541 [Worker-25: Updating Maven Project] INFO  o.e.m.c.i.l.LifecycleMappingFactory - Using org.eclipse.m2e.jdt.JarLifecycleMapping lifecycle mapping for MavenProject: BankingProject:bankInfo:0.0.1-SNAPSHOT @ E:\MavenProject_Raman\bankInfo\pom.xml.
2024-12-05 07:36:54,255 [Worker-25: Updating Maven Project] INFO  o.e.m.j.i.AbstractJavaProjectConfigurator - Adding source folder /bankInfo/src/main/java
2024-12-05 07:36:54,256 [Worker-25: Updating Maven Project] INFO  o.e.m.j.i.AbstractJavaProjectConfigurator - Adding resource folder /bankInfo/src/main/resources
2024-12-05 07:36:54,257 [Worker-25: Updating Maven Project] INFO  o.e.m.j.i.AbstractJavaProjectConfigurator - Adding source folder /bankInfo/src/test/java
2024-12-05 07:36:54,258 [Worker-25: Updating Maven Project] INFO  o.e.m.j.i.AbstractJavaProjectConfigurator - Adding resource folder /bankInfo/src/test/resources
2024-12-05 07:36:54,764 [Worker-25: Updating Maven Project] INFO  o.e.m.c.i.p.ProjectConfigurationManager - Update completed for 1 poms: local refresh takes 0.00 sec, refresh facades takes 2.00 sec, update config takes 0.00 sec 
2024-12-05 07:36:54,771 [Worker-25: Updating Maven Project] INFO  o.e.m.c.i.p.ProjectConfigurationManager - Update started
2024-12-05 07:36:55,628 [Worker-25: Updating Maven Project] INFO  o.e.m.c.i.l.LifecycleMappingFactory - Using org.eclipse.m2e.jdt.JarLifecycleMapping lifecycle mapping for MavenProject: BankingProject:bankInfo:0.0.1-SNAPSHOT @ E:\MavenProject_Raman\bankInfo\pom.xml.
2024-12-05 07:36:57,779 [Worker-25: Updating Maven Project] INFO  o.e.m.j.i.AbstractJavaProjectConfigurator - Adding source folder /bankInfo/src/main/java
2024-12-05 07:36:57,780 [Worker-25: Updating Maven Project] INFO  o.e.m.j.i.AbstractJavaProjectConfigurator - Adding resource folder /bankInfo/src/main/resources
2024-12-05 07:36:57,781 [Worker-25: Updating Maven Project] INFO  o.e.m.j.i.AbstractJavaProjectConfigurator - Adding source folder /bankInfo/src/test/java
2024-12-05 07:36:57,781 [Worker-25: Updating Maven Project] INFO  o.e.m.j.i.AbstractJavaProjectConfigurator - Adding resource folder /bankInfo/src/test/resources
2024-12-05 07:36:58,258 [Worker-25: Updating Maven Project] INFO  o.e.m.c.i.p.ProjectConfigurationManager - Update completed for 1 poms: local refresh takes 0.00 sec, refresh facades takes 2.00 sec, update config takes 0.00 sec 
2024-12-05 07:36:59,179 [Worker-15: Building] INFO  o.a.m.s.f.DefaultMavenResourcesFiltering - Copying 0 resource from src\main\resources to target\classes
2024-12-05 07:36:59,187 [Worker-15: Building] INFO  o.a.m.s.f.DefaultMavenResourcesFiltering - Copying 3 resources from src\test\resources to target\test-classes
